<?xml version="1.0" encoding="UTF-8"?>
<!-- Generated by org.testng.reporters.JUnitReportReporter -->
<testsuite skipped="2" hostname="RAMESH-PC" name="TestCases.LoginPageTest" tests="3" failures="0" timestamp="09 Apr 2019 17:47:39 GMT" time="60.789" errors="0">
  <testcase name="logingiftease" time="60.789" classname="TestCases.LoginPageTest"/>
  <testcase name="ForgotPasswordPageTest" classname="TestCases.LoginPageTest">
    <skipped/>
  </testcase> <!-- ForgotPasswordPageTest -->
  <testcase name="loginPageTitleTest" classname="TestCases.LoginPageTest">
    <skipped/>
  </testcase> <!-- loginPageTitleTest -->
</testsuite> <!-- TestCases.LoginPageTest -->
