<?xml version="1.0" encoding="UTF-8"?>
<!-- Generated by org.testng.reporters.JUnitReportReporter -->
<testsuite skipped="0" hostname="RAMESH-PC" name="TestCases.LoginPageTest" tests="3" failures="0" timestamp="02 Feb 2019 04:31:33 GMT" time="128.848" errors="0">
  <testcase name="loginPageTitleTest" time="29.697" classname="TestCases.LoginPageTest"/>
  <testcase name="ForgotPasswordPageTest" time="51.868" classname="TestCases.LoginPageTest"/>
  <testcase name="logingiftease" time="47.283" classname="TestCases.LoginPageTest"/>
</testsuite> <!-- TestCases.LoginPageTest -->
