<?xml version="1.0" encoding="UTF-8"?>
<!-- Generated by org.testng.reporters.JUnitReportReporter -->
<testsuite skipped="0" hostname="RAMESH-PC" name="TestCases.LoginPageTest" tests="3" failures="0" timestamp="03 Feb 2019 05:01:09 GMT" time="149.467" errors="0">
  <testcase name="loginPageTitleTest" time="23.816" classname="TestCases.LoginPageTest"/>
  <testcase name="ForgotPasswordPageTest" time="72.595" classname="TestCases.LoginPageTest"/>
  <testcase name="logingiftease" time="53.056" classname="TestCases.LoginPageTest"/>
</testsuite> <!-- TestCases.LoginPageTest -->
