<?xml version="1.0" encoding="UTF-8"?>
<!-- Generated by org.testng.reporters.JUnitReportReporter -->
<testsuite skipped="0" hostname="RAMESH-PC" name="TestCases.LoginPageTest" tests="3" failures="0" timestamp="09 Apr 2019 17:51:26 GMT" time="101.731" errors="0">
  <testcase name="loginPageTitleTest" time="19.720" classname="TestCases.LoginPageTest"/>
  <testcase name="ForgotPasswordPageTest" time="43.512" classname="TestCases.LoginPageTest"/>
  <testcase name="logingiftease" time="38.499" classname="TestCases.LoginPageTest"/>
</testsuite> <!-- TestCases.LoginPageTest -->
