<?xml version="1.0" encoding="UTF-8"?>
<!-- Generated by org.testng.reporters.JUnitReportReporter -->
<testsuite skipped="0" hostname="RAMESH-PC" name="TestCases.LoginPageTest" tests="3" failures="0" timestamp="20 Jan 2019 10:17:34 GMT" time="303.373" errors="0">
  <testcase name="loginPageTitleTest" time="75.867" classname="TestCases.LoginPageTest"/>
  <testcase name="ForgotPasswordPageTest" time="109.086" classname="TestCases.LoginPageTest"/>
  <testcase name="logingiftease" time="118.420" classname="TestCases.LoginPageTest"/>
</testsuite> <!-- TestCases.LoginPageTest -->
