<?xml version="1.0" encoding="UTF-8"?>
<!-- Generated by org.testng.reporters.JUnitReportReporter -->
<testsuite skipped="0" hostname="PNQ-Ramesh-L" name="TestCases.LoginPageTest" tests="3" failures="0" timestamp="01 Aug 2019 13:07:37 GMT" time="38.387" errors="0">
  <testcase name="loginPageTitleTest" time="10.697" classname="TestCases.LoginPageTest"/>
  <testcase name="ForgotPasswordPageTest" time="12.323" classname="TestCases.LoginPageTest"/>
  <testcase name="logingiftease" time="15.367" classname="TestCases.LoginPageTest"/>
</testsuite> <!-- TestCases.LoginPageTest -->
