<?xml version="1.0" encoding="UTF-8"?>
<!-- Generated by org.testng.reporters.JUnitReportReporter -->
<testsuite skipped="0" hostname="PNQ-Ramesh-L" name="TestCases.LoginPageTest" tests="3" failures="0" timestamp="01 Aug 2019 12:49:18 GMT" time="56.653" errors="0">
  <testcase name="loginPageTitleTest" time="9.718" classname="TestCases.LoginPageTest"/>
  <testcase name="ForgotPasswordPageTest" time="15.839" classname="TestCases.LoginPageTest"/>
  <testcase name="logingiftease" time="31.096" classname="TestCases.LoginPageTest"/>
</testsuite> <!-- TestCases.LoginPageTest -->
