<?xml version="1.0" encoding="UTF-8"?>
<!-- Generated by org.testng.reporters.JUnitReportReporter -->
<testsuite skipped="0" hostname="PNQ-Ramesh-L" name="TestCases.ForgotPasswordPageTest" tests="2" failures="0" timestamp="01 Aug 2019 12:49:18 GMT" time="29.104" errors="0">
  <testcase name="VerifyForgotPasswordPageTitle" time="16.095" classname="TestCases.ForgotPasswordPageTest"/>
  <testcase name="ClickonSendEmailButton" time="13.009" classname="TestCases.ForgotPasswordPageTest"/>
</testsuite> <!-- TestCases.ForgotPasswordPageTest -->
