<?xml version="1.0" encoding="UTF-8"?>
<!-- Generated by org.testng.reporters.JUnitReportReporter -->
<testsuite skipped="0" hostname="RAMESH-PC" name="TestCases.ForgotPasswordPageTest" tests="2" failures="0" timestamp="20 Jan 2019 10:17:34 GMT" time="97.352" errors="0">
  <testcase name="VerifyForgotPasswordPageTitle" time="39.870" classname="TestCases.ForgotPasswordPageTest"/>
  <testcase name="ClickonSendEmailButton" time="57.482" classname="TestCases.ForgotPasswordPageTest"/>
</testsuite> <!-- TestCases.ForgotPasswordPageTest -->
