<?xml version="1.0" encoding="UTF-8"?>
<!-- Generated by org.testng.reporters.JUnitReportReporter -->
<testsuite skipped="0" hostname="RAMESH-PC" name="TestCases.ForgotPasswordPageTest" tests="2" failures="0" timestamp="03 Feb 2019 07:07:24 GMT" time="136.044" errors="0">
  <testcase name="VerifyForgotPasswordPageTitle" time="51.876" classname="TestCases.ForgotPasswordPageTest"/>
  <testcase name="ClickonSendEmailButton" time="84.168" classname="TestCases.ForgotPasswordPageTest"/>
</testsuite> <!-- TestCases.ForgotPasswordPageTest -->
