<?xml version="1.0" encoding="UTF-8"?>
<!-- Generated by org.testng.reporters.JUnitReportReporter -->
<testsuite skipped="0" hostname="RAMESH-PC" name="TestCases.LoginPageTest" tests="3" failures="0" timestamp="03 Feb 2019 07:07:24 GMT" time="124.201" errors="0">
  <testcase name="loginPageTitleTest" time="37.945" classname="TestCases.LoginPageTest"/>
  <testcase name="ForgotPasswordPageTest" time="45.768" classname="TestCases.LoginPageTest"/>
  <testcase name="logingiftease" time="40.488" classname="TestCases.LoginPageTest"/>
</testsuite> <!-- TestCases.LoginPageTest -->
