<?xml version="1.0" encoding="UTF-8"?>
<!-- Generated by org.testng.reporters.JUnitReportReporter -->
<testsuite skipped="0" hostname="PNQ-Ramesh-L" name="TestCases.ForgotPasswordPageTest" tests="2" failures="0" timestamp="01 Aug 2019 13:07:37 GMT" time="28.727" errors="0">
  <testcase name="VerifyForgotPasswordPageTitle" time="14.957" classname="TestCases.ForgotPasswordPageTest"/>
  <testcase name="ClickonSendEmailButton" time="13.770" classname="TestCases.ForgotPasswordPageTest"/>
</testsuite> <!-- TestCases.ForgotPasswordPageTest -->
