<?xml version="1.0" encoding="UTF-8"?>
<!-- Generated by org.testng.reporters.JUnitReportReporter -->
<testsuite skipped="0" hostname="RAMESH-PC" name="TestCases.ForgotPasswordPageTest" tests="2" failures="0" timestamp="24 Feb 2019 06:19:54 GMT" time="102.832" errors="0">
  <testcase name="VerifyForgotPasswordPageTitle" time="49.926" classname="TestCases.ForgotPasswordPageTest"/>
  <testcase name="ClickonSendEmailButton" time="52.906" classname="TestCases.ForgotPasswordPageTest"/>
</testsuite> <!-- TestCases.ForgotPasswordPageTest -->
