<?xml version="1.0" encoding="UTF-8"?>
<!-- Generated by org.testng.reporters.JUnitReportReporter -->
<testsuite skipped="0" hostname="RAMESH-PC" name="TestCases.ForgotPasswordPageTest" tests="2" failures="0" timestamp="09 Apr 2019 17:51:26 GMT" time="68.472" errors="0">
  <testcase name="VerifyForgotPasswordPageTitle" time="35.622" classname="TestCases.ForgotPasswordPageTest"/>
  <testcase name="ClickonSendEmailButton" time="32.850" classname="TestCases.ForgotPasswordPageTest"/>
</testsuite> <!-- TestCases.ForgotPasswordPageTest -->
