<?xml version="1.0" encoding="UTF-8"?>
<!-- Generated by org.testng.reporters.JUnitReportReporter -->
<testsuite skipped="0" hostname="PNQ-Ramesh-L" name="TestCases.LoginPageTest" tests="3" failures="0" timestamp="06 Sep 2019 09:17:37 GMT" time="49.160" errors="0">
  <testcase name="loginPageTitleTest" time="9.850" classname="TestCases.LoginPageTest"/>
  <testcase name="ForgotPasswordPageTest" time="15.808" classname="TestCases.LoginPageTest"/>
  <testcase name="logingiftease" time="23.502" classname="TestCases.LoginPageTest"/>
</testsuite> <!-- TestCases.LoginPageTest -->
