<?xml version="1.0" encoding="UTF-8"?>
<!-- Generated by org.testng.reporters.JUnitReportReporter -->
<testsuite skipped="0" hostname="PNQ-Ramesh-L" name="TestCases.ForgotPasswordPageTest" tests="2" failures="0" timestamp="06 Sep 2019 09:17:37 GMT" time="35.125" errors="0">
  <testcase name="VerifyForgotPasswordPageTitle" time="20.645" classname="TestCases.ForgotPasswordPageTest"/>
  <testcase name="ClickonSendEmailButton" time="14.480" classname="TestCases.ForgotPasswordPageTest"/>
</testsuite> <!-- TestCases.ForgotPasswordPageTest -->
